<?xml version="1.0" encoding="UTF-8"?>
<!-- Generated by org.testng.reporters.JUnitReportReporter -->
<testsuite hostname="Prasanna_M" failures="0" tests="1" name="test_mavan_project.test_demo_class" time="2.929" errors="0" timestamp="2024-01-17T12:16:40 IST" skipped="0">
  <testcase classname="test_mavan_project.test_demo_class" name="test" time="2.929"/>
  <system-out/>
</testsuite> <!-- test_mavan_project.test_demo_class -->
